<?xml version="1.0" encoding="UTF-8"?>
<testng-results ignored="0" total="3" passed="3" failed="0" skipped="0">
  <reporter-output>
  </reporter-output>
  <suite started-at="2021-11-09T21:10:27 COT" name="Default suite" finished-at="2021-11-09T21:10:30 COT" duration-ms="2974">
    <groups>
    </groups>
    <test started-at="2021-11-09T21:10:27 COT" name="Default test" finished-at="2021-11-09T21:10:30 COT" duration-ms="2974">
      <class name="tests.PutPatchDeleteExamples">
        <test-method signature="testDelete()[pri:0, instance:tests.PutPatchDeleteExamples@56528192]" started-at="2021-11-09T21:10:27 COT" name="testDelete" finished-at="2021-11-09T21:10:29 COT" duration-ms="1913" status="PASS">
          <reporter-output>
          </reporter-output>
        </test-method> <!-- testDelete -->
        <test-method signature="testPatch()[pri:0, instance:tests.PutPatchDeleteExamples@56528192]" started-at="2021-11-09T21:10:29 COT" name="testPatch" finished-at="2021-11-09T21:10:29 COT" duration-ms="528" status="PASS">
          <reporter-output>
          </reporter-output>
        </test-method> <!-- testPatch -->
        <test-method signature="testPut()[pri:0, instance:tests.PutPatchDeleteExamples@56528192]" started-at="2021-11-09T21:10:29 COT" name="testPut" finished-at="2021-11-09T21:10:30 COT" duration-ms="496" status="PASS">
          <reporter-output>
          </reporter-output>
        </test-method> <!-- testPut -->
      </class> <!-- tests.PutPatchDeleteExamples -->
    </test> <!-- Default test -->
  </suite> <!-- Default suite -->
</testng-results>
