<?xml version="1.0" encoding="UTF-8"?>
<!-- Generated by org.testng.reporters.JUnitXMLReporter -->
<testsuite ignored="0" hostname="Diego-Laptop" failures="0" tests="3" name="Default test" time="2.974" errors="0" timestamp="2021-11-09T21:10:30 COT">
  <testcase classname="tests.PutPatchDeleteExamples" name="testDelete" time="1.913"/>
  <testcase classname="tests.PutPatchDeleteExamples" name="testPatch" time="0.528"/>
  <testcase classname="tests.PutPatchDeleteExamples" name="testPut" time="0.496"/>
</testsuite> <!-- Default test -->
